<?xml version="1.0" encoding="UTF-8" ?>
<testsuite tests="1" failures="0" name="org.lemurproject.galago.core.index.disk.DiskNameWriterTest" time="0.004" errors="0" skipped="0">
  <properties>
    <property name="java.runtime.name" value="Java(TM) SE Runtime Environment"/>
    <property name="sun.boot.library.path" value="/Library/Java/JavaVirtualMachines/jdk1.8.0_40.jdk/Contents/Home/jre/lib"/>
    <property name="java.vm.version" value="25.40-b25"/>
    <property name="gopherProxySet" value="false"/>
    <property name="java.vm.vendor" value="Oracle Corporation"/>
    <property name="java.vendor.url" value="http://java.oracle.com/"/>
    <property name="path.separator" value=":"/>
    <property name="java.vm.name" value="Java HotSpot(TM) 64-Bit Server VM"/>
    <property name="file.encoding.pkg" value="sun.io"/>
    <property name="user.country" value="US"/>
    <property name="sun.java.launcher" value="SUN_STANDARD"/>
    <property name="sun.os.patch.level" value="unknown"/>
    <property name="java.vm.specification.name" value="Java Virtual Machine Specification"/>
    <property name="user.dir" value="/Users/hzhao/Dropbox/workspace/lemur-galago/core"/>
    <property name="java.runtime.version" value="1.8.0_40-b27"/>
    <property name="java.awt.graphicsenv" value="sun.awt.CGraphicsEnvironment"/>
    <property name="basedir" value="/Users/hzhao/Dropbox/workspace/lemur-galago/core"/>
    <property name="java.endorsed.dirs" value="/Library/Java/JavaVirtualMachines/jdk1.8.0_40.jdk/Contents/Home/jre/lib/endorsed"/>
    <property name="os.arch" value="x86_64"/>
    <property name="surefire.real.class.path" value="/Users/hzhao/Dropbox/workspace/lemur-galago/core/target/surefire/surefirebooter5778591084422690915.jar"/>
    <property name="java.io.tmpdir" value="/var/folders/sp/nx5mjk3j1334hgyf5btszkh80000gn/T/"/>
    <property name="line.separator" value="
"/>
    <property name="java.vm.specification.vendor" value="Oracle Corporation"/>
    <property name="os.name" value="Mac OS X"/>
    <property name="sun.jnu.encoding" value="UTF-8"/>
    <property name="java.library.path" value="/Users/hzhao/Library/Java/Extensions:/Library/Java/Extensions:/Network/Library/Java/Extensions:/System/Library/Java/Extensions:/usr/lib/java:."/>
    <property name="surefire.test.class.path" value="/Users/hzhao/Dropbox/workspace/lemur-galago/core/target/test-classes:/Users/hzhao/Dropbox/workspace/lemur-galago/core/target/classes:/Users/hzhao/Dropbox/workspace/lemur-galago/tupleflow/target/tupleflow-3.8-SNAPSHOT.jar:/Users/hzhao/.m2/repository/net/sf/trove4j/trove4j/3.0.3/trove4j-3.0.3.jar:/Users/hzhao/Dropbox/workspace/lemur-galago/utility/target/utility-3.8-SNAPSHOT.jar:/Users/hzhao/.m2/repository/org/eclipse/jetty/jetty-server/7.6.8.v20121106/jetty-server-7.6.8.v20121106.jar:/Users/hzhao/.m2/repository/org/eclipse/jetty/orbit/javax.servlet/2.5.0.v201103041518/javax.servlet-2.5.0.v201103041518.jar:/Users/hzhao/.m2/repository/org/eclipse/jetty/jetty-continuation/7.6.8.v20121106/jetty-continuation-7.6.8.v20121106.jar:/Users/hzhao/.m2/repository/org/eclipse/jetty/jetty-http/7.6.8.v20121106/jetty-http-7.6.8.v20121106.jar:/Users/hzhao/.m2/repository/org/eclipse/jetty/jetty-io/7.6.8.v20121106/jetty-io-7.6.8.v20121106.jar:/Users/hzhao/.m2/repository/org/eclipse/jetty/jetty-util/7.6.8.v20121106/jetty-util-7.6.8.v20121106.jar:/Users/hzhao/.m2/repository/org/apache/commons/commons-compress/1.8/commons-compress-1.8.jar:/Users/hzhao/.m2/repository/org/tukaani/xz/1.5/xz-1.5.jar:/Users/hzhao/Dropbox/workspace/lemur-galago/tupleflow-gridengine/target/tupleflow-gridengine-3.8-SNAPSHOT.jar:/Users/hzhao/.m2/repository/org/ggf/drmaa/drmaa/1.0/drmaa-1.0.jar:/Users/hzhao/Dropbox/workspace/lemur-galago/eval/target/eval-3.8-SNAPSHOT.jar:/Users/hzhao/Dropbox/workspace/lemur-galago/snowball-stemmers/target/snowball-stemmers-3.8-SNAPSHOT.jar:/Users/hzhao/Dropbox/workspace/lemur-galago/krovetz-stemmer/target/krovetz-stemmer-3.8-SNAPSHOT.jar:/Users/hzhao/.m2/repository/info/bliki/wiki/bliki-core/3.0.19/bliki-core-3.0.19.jar:/Users/hzhao/.m2/repository/commons-httpclient/commons-httpclient/3.1/commons-httpclient-3.1.jar:/Users/hzhao/.m2/repository/commons-logging/commons-logging/1.0.4/commons-logging-1.0.4.jar:/Users/hzhao/.m2/repository/commons-codec/commons-codec/1.2/commons-codec-1.2.jar:/Users/hzhao/.m2/repository/xmlenc/xmlenc/0.52/xmlenc-0.52.jar:/Users/hzhao/.m2/repository/org/xerial/snappy/snappy-java/1.0.5-M4/snappy-java-1.0.5-M4.jar:/Users/hzhao/.m2/repository/org/reflections/reflections/0.9.8/reflections-0.9.8.jar:/Users/hzhao/.m2/repository/com/google/guava/guava/11.0.2/guava-11.0.2.jar:/Users/hzhao/.m2/repository/com/google/code/findbugs/jsr305/1.3.9/jsr305-1.3.9.jar:/Users/hzhao/.m2/repository/javassist/javassist/3.12.1.GA/javassist-3.12.1.GA.jar:/Users/hzhao/.m2/repository/dom4j/dom4j/1.6.1/dom4j-1.6.1.jar:/Users/hzhao/.m2/repository/xml-apis/xml-apis/1.0.b2/xml-apis-1.0.b2.jar:/Users/hzhao/.m2/repository/junit/junit/4.11/junit-4.11.jar:/Users/hzhao/.m2/repository/org/hamcrest/hamcrest-core/1.3/hamcrest-core-1.3.jar:"/>
    <property name="java.specification.name" value="Java Platform API Specification"/>
    <property name="java.class.version" value="52.0"/>
    <property name="sun.management.compiler" value="HotSpot 64-Bit Tiered Compilers"/>
    <property name="os.version" value="10.10.3"/>
    <property name="user.home" value="/Users/hzhao"/>
    <property name="user.timezone" value="America/New_York"/>
    <property name="java.awt.printerjob" value="sun.lwawt.macosx.CPrinterJob"/>
    <property name="java.specification.version" value="1.8"/>
    <property name="file.encoding" value="UTF-8"/>
    <property name="user.name" value="hzhao"/>
    <property name="java.class.path" value="/Users/hzhao/Dropbox/workspace/lemur-galago/core/target/test-classes:/Users/hzhao/Dropbox/workspace/lemur-galago/core/target/classes:/Users/hzhao/Dropbox/workspace/lemur-galago/tupleflow/target/tupleflow-3.8-SNAPSHOT.jar:/Users/hzhao/.m2/repository/net/sf/trove4j/trove4j/3.0.3/trove4j-3.0.3.jar:/Users/hzhao/Dropbox/workspace/lemur-galago/utility/target/utility-3.8-SNAPSHOT.jar:/Users/hzhao/.m2/repository/org/eclipse/jetty/jetty-server/7.6.8.v20121106/jetty-server-7.6.8.v20121106.jar:/Users/hzhao/.m2/repository/org/eclipse/jetty/orbit/javax.servlet/2.5.0.v201103041518/javax.servlet-2.5.0.v201103041518.jar:/Users/hzhao/.m2/repository/org/eclipse/jetty/jetty-continuation/7.6.8.v20121106/jetty-continuation-7.6.8.v20121106.jar:/Users/hzhao/.m2/repository/org/eclipse/jetty/jetty-http/7.6.8.v20121106/jetty-http-7.6.8.v20121106.jar:/Users/hzhao/.m2/repository/org/eclipse/jetty/jetty-io/7.6.8.v20121106/jetty-io-7.6.8.v20121106.jar:/Users/hzhao/.m2/repository/org/eclipse/jetty/jetty-util/7.6.8.v20121106/jetty-util-7.6.8.v20121106.jar:/Users/hzhao/.m2/repository/org/apache/commons/commons-compress/1.8/commons-compress-1.8.jar:/Users/hzhao/.m2/repository/org/tukaani/xz/1.5/xz-1.5.jar:/Users/hzhao/Dropbox/workspace/lemur-galago/tupleflow-gridengine/target/tupleflow-gridengine-3.8-SNAPSHOT.jar:/Users/hzhao/.m2/repository/org/ggf/drmaa/drmaa/1.0/drmaa-1.0.jar:/Users/hzhao/Dropbox/workspace/lemur-galago/eval/target/eval-3.8-SNAPSHOT.jar:/Users/hzhao/Dropbox/workspace/lemur-galago/snowball-stemmers/target/snowball-stemmers-3.8-SNAPSHOT.jar:/Users/hzhao/Dropbox/workspace/lemur-galago/krovetz-stemmer/target/krovetz-stemmer-3.8-SNAPSHOT.jar:/Users/hzhao/.m2/repository/info/bliki/wiki/bliki-core/3.0.19/bliki-core-3.0.19.jar:/Users/hzhao/.m2/repository/commons-httpclient/commons-httpclient/3.1/commons-httpclient-3.1.jar:/Users/hzhao/.m2/repository/commons-logging/commons-logging/1.0.4/commons-logging-1.0.4.jar:/Users/hzhao/.m2/repository/commons-codec/commons-codec/1.2/commons-codec-1.2.jar:/Users/hzhao/.m2/repository/xmlenc/xmlenc/0.52/xmlenc-0.52.jar:/Users/hzhao/.m2/repository/org/xerial/snappy/snappy-java/1.0.5-M4/snappy-java-1.0.5-M4.jar:/Users/hzhao/.m2/repository/org/reflections/reflections/0.9.8/reflections-0.9.8.jar:/Users/hzhao/.m2/repository/com/google/guava/guava/11.0.2/guava-11.0.2.jar:/Users/hzhao/.m2/repository/com/google/code/findbugs/jsr305/1.3.9/jsr305-1.3.9.jar:/Users/hzhao/.m2/repository/javassist/javassist/3.12.1.GA/javassist-3.12.1.GA.jar:/Users/hzhao/.m2/repository/dom4j/dom4j/1.6.1/dom4j-1.6.1.jar:/Users/hzhao/.m2/repository/xml-apis/xml-apis/1.0.b2/xml-apis-1.0.b2.jar:/Users/hzhao/.m2/repository/junit/junit/4.11/junit-4.11.jar:/Users/hzhao/.m2/repository/org/hamcrest/hamcrest-core/1.3/hamcrest-core-1.3.jar:"/>
    <property name="java.vm.specification.version" value="1.8"/>
    <property name="sun.arch.data.model" value="64"/>
    <property name="java.home" value="/Library/Java/JavaVirtualMachines/jdk1.8.0_40.jdk/Contents/Home/jre"/>
    <property name="sun.java.command" value="/Users/hzhao/Dropbox/workspace/lemur-galago/core/target/surefire/surefirebooter5778591084422690915.jar /Users/hzhao/Dropbox/workspace/lemur-galago/core/target/surefire/surefire7256178320873817934tmp /Users/hzhao/Dropbox/workspace/lemur-galago/core/target/surefire/surefire3838851562474458834tmp"/>
    <property name="java.specification.vendor" value="Oracle Corporation"/>
    <property name="user.language" value="en"/>
    <property name="awt.toolkit" value="sun.lwawt.macosx.LWCToolkit"/>
    <property name="java.vm.info" value="mixed mode"/>
    <property name="java.version" value="1.8.0_40"/>
    <property name="java.ext.dirs" value="/Users/hzhao/Library/Java/Extensions:/Library/Java/JavaVirtualMachines/jdk1.8.0_40.jdk/Contents/Home/jre/lib/ext:/Library/Java/Extensions:/Network/Library/Java/Extensions:/System/Library/Java/Extensions:/usr/lib/java"/>
    <property name="sun.boot.class.path" value="/Library/Java/JavaVirtualMachines/jdk1.8.0_40.jdk/Contents/Home/jre/lib/resources.jar:/Library/Java/JavaVirtualMachines/jdk1.8.0_40.jdk/Contents/Home/jre/lib/rt.jar:/Library/Java/JavaVirtualMachines/jdk1.8.0_40.jdk/Contents/Home/jre/lib/sunrsasign.jar:/Library/Java/JavaVirtualMachines/jdk1.8.0_40.jdk/Contents/Home/jre/lib/jsse.jar:/Library/Java/JavaVirtualMachines/jdk1.8.0_40.jdk/Contents/Home/jre/lib/jce.jar:/Library/Java/JavaVirtualMachines/jdk1.8.0_40.jdk/Contents/Home/jre/lib/charsets.jar:/Library/Java/JavaVirtualMachines/jdk1.8.0_40.jdk/Contents/Home/jre/lib/jfr.jar:/Library/Java/JavaVirtualMachines/jdk1.8.0_40.jdk/Contents/Home/jre/classes"/>
    <property name="java.vendor" value="Oracle Corporation"/>
    <property name="localRepository" value="/Users/hzhao/.m2/repository"/>
    <property name="file.separator" value="/"/>
    <property name="java.vendor.url.bug" value="http://bugreport.sun.com/bugreport/"/>
    <property name="sun.cpu.endian" value="little"/>
    <property name="sun.io.unicode.encoding" value="UnicodeBig"/>
    <property name="sun.cpu.isalist" value=""/>
  </properties>
  <testcase classname="org.lemurproject.galago.core.index.disk.DiskNameWriterTest" name="testNamesWriter" time="0.002"/>
</testsuite>